# JRE version: Java(TM) SE Runtime Environment (8.0_91-b14) (build 1.8.0_91-b14)
# Java VM: Java HotSpot(TM) 64-Bit Server VM (25.91-b14 mixed mode windows-amd64 compressed oops)
Heap:
 PSYoungGen      total 76288K, used 10872K [0x000000076b400000, 0x0000000770900000, 0x00000007c0000000)
  eden space 65536K, 12% used [0x000000076b400000,0x000000076bbde2d8,0x000000076f400000)
  from space 10752K, 26% used [0x000000076fe80000,0x0000000770140020,0x0000000770900000)
  to   space 10752K, 0% used [0x000000076f400000,0x000000076f400000,0x000000076fe80000)
 ParOldGen       total 175104K, used 96K [0x00000006c1c00000, 0x00000006cc700000, 0x000000076b400000)
  object space 175104K, 0% used [0x00000006c1c00000,0x00000006c1c18010,0x00000006cc700000)
 Metaspace       used 12389K, capacity 12524K, committed 12672K, reserved 1060864K
  class space    used 1300K, capacity 1368K, committed 1408K, reserved 1048576K
GC Heap History (4 events):
Event: 4.420 GC heap before
{Heap before GC invocations=1 (full 0):
 PSYoungGen      total 76288K, used 65536K [0x000000076b400000, 0x0000000770900000, 0x00000007c0000000)
  eden space 65536K, 100% used [0x000000076b400000,0x000000076f400000,0x000000076f400000)
  from space 10752K, 0% used [0x000000076fe80000,0x000000076fe80000,0x0000000770900000)
  to   space 10752K, 0% used [0x000000076f400000,0x000000076f400000,0x000000076fe80000)
 ParOldGen       total 175104K, used 0K [0x00000006c1c00000, 0x00000006cc700000, 0x000000076b400000)
  object space 175104K, 0% used [0x00000006c1c00000,0x00000006c1c00000,0x00000006cc700000)
 Metaspace       used 12024K, capacity 12204K, committed 12416K, reserved 1060864K
  class space    used 1300K, capacity 1368K, committed 1408K, reserved 1048576K
Event: 4.428 GC heap after
Heap after GC invocations=1 (full 0):
 PSYoungGen      total 76288K, used 7242K [0x000000076b400000, 0x0000000770900000, 0x00000007c0000000)
  eden space 65536K, 0% used [0x000000076b400000,0x000000076b400000,0x000000076f400000)
  from space 10752K, 67% used [0x000000076f400000,0x000000076fb12830,0x000000076fe80000)
  to   space 10752K, 0% used [0x000000076fe80000,0x000000076fe80000,0x0000000770900000)
 ParOldGen       total 175104K, used 88K [0x00000006c1c00000, 0x00000006cc700000, 0x000000076b400000)
  object space 175104K, 0% used [0x00000006c1c00000,0x00000006c1c16010,0x00000006cc700000)
 Metaspace       used 12024K, capacity 12204K, committed 12416K, reserved 1060864K
  class space    used 1300K, capacity 1368K, committed 1408K, reserved 1048576K
}
Event: 9.922 GC heap before
{Heap before GC invocations=2 (full 0):
 PSYoungGen      total 76288K, used 72778K [0x000000076b400000, 0x0000000770900000, 0x00000007c0000000)
  eden space 65536K, 100% used [0x000000076b400000,0x000000076f400000,0x000000076f400000)
  from space 10752K, 67% used [0x000000076f400000,0x000000076fb12830,0x000000076fe80000)
  to   space 10752K, 0% used [0x000000076fe80000,0x000000076fe80000,0x0000000770900000)
 ParOldGen       total 175104K, used 88K [0x00000006c1c00000, 0x00000006cc700000, 0x000000076b400000)
  object space 175104K, 0% used [0x00000006c1c00000,0x00000006c1c16010,0x00000006cc700000)
 Metaspace       used 12387K, capacity 12524K, committed 12672K, reserved 1060864K
  class space    used 1300K, capacity 1368K, committed 1408K, reserved 1048576K
Event: 9.927 GC heap after
Heap after GC invocations=2 (full 0):
 PSYoungGen      total 76288K, used 2816K [0x000000076b400000, 0x0000000770900000, 0x00000007c0000000)
  eden space 65536K, 0% used [0x000000076b400000,0x000000076b400000,0x000000076f400000)
  from space 10752K, 26% used [0x000000076fe80000,0x0000000770140020,0x0000000770900000)
  to   space 10752K, 0% used [0x000000076f400000,0x000000076f400000,0x000000076fe80000)
 ParOldGen       total 175104K, used 96K [0x00000006c1c00000, 0x00000006cc700000, 0x000000076b400000)
  object space 175104K, 0% used [0x00000006c1c00000,0x00000006c1c18010,0x00000006cc700000)
 Metaspace       used 12387K, capacity 12524K, committed 12672K, reserved 1060864K
  class space    used 1300K, capacity 1368K, committed 1408K, reserved 1048576K
}

